sun.desktop=windows, 
awt.toolkit=sun.awt.windows.WToolkit, 
java.specification.version=11, 
sun.cpu.isalist=amd64, 
sun.jnu.encoding=GBK, 
java.class.path=E:\WorkSpace\projects\IDEAProjects\java-projects\my-first-gradle-project\build\classes\java\main;E:\WorkSpace\projects\IDEAProjects\java-projects\my-first-gradle-project\build\resources\main;E:\WorkSpace\env\win\Gradle\.gradle\caches\modules-2\files-2.1\com.google.protobuf\protobuf-java-util\3.22.2\749cd4fe8ab52f37bc186193802ba19f5b284647\protobuf-java-util-3.22.2.jar;E:\WorkSpace\env\win\Gradle\.gradle\caches\modules-2\files-2.1\com.google.protobuf\protobuf-java\3.22.2\fdee98b8f6abab73f146a4edb4c09e56f8278d03\protobuf-java-3.22.2.jar;E:\WorkSpace\env\win\Gradle\.gradle\caches\modules-2\files-2.1\com.google.guava\guava\31.1-jre\60458f877d055d0c9114d9e1a2efb737b4bc282c\guava-31.1-jre.jar;E:\WorkSpace\env\win\Gradle\.gradle\caches\modules-2\files-2.1\com.google.code.findbugs\jsr305\3.0.2\25ea2e8b0c338a877313bd4672d3fe056ea78f0d\jsr305-3.0.2.jar;E:\WorkSpace\env\win\Gradle\.gradle\caches\modules-2\files-2.1\com.google.code.gson\gson\2.8.9\8a432c1d6825781e21a02db2e2c33c5fde2833b9\gson-2.8.9.jar;E:\WorkSpace\env\win\Gradle\.gradle\caches\modules-2\files-2.1\com.google.errorprone\error_prone_annotations\2.11.0\c5a0ace696d3f8b1c1d8cc036d8c03cc0cbe6b69\error_prone_annotations-2.11.0.jar;E:\WorkSpace\env\win\Gradle\.gradle\caches\modules-2\files-2.1\com.google.j2objc\j2objc-annotations\1.3\ba035118bc8bac37d7eff77700720999acd9986d\j2objc-annotations-1.3.jar;E:\WorkSpace\env\win\Gradle\.gradle\caches\modules-2\files-2.1\com.google.guava\failureaccess\1.0.1\1dcf1de382a0bf95a3d8b0849546c88bac1292c9\failureaccess-1.0.1.jar;E:\WorkSpace\env\win\Gradle\.gradle\caches\modules-2\files-2.1\com.google.guava\listenablefuture\9999.0-empty-to-avoid-conflict-with-guava\b421526c5f297295adef1c886e5246c39d4ac629\listenablefuture-9999.0-empty-to-avoid-conflict-with-guava.jar;E:\WorkSpace\env\win\Gradle\.gradle\caches\modules-2\files-2.1\org.checkerframework\checker-qual\3.12.0\d5692f0526415fcc6de94bb5bfbd3afd9dd3b3e5\checker-qual-3.12.0.jar, 
java.vm.vendor=Oracle Corporation, 
sun.arch.data.model=64, 
user.variant=, 
java.vendor.url=https://openjdk.java.net/, 
user.timezone=, 
os.name=Windows 11, 
java.vm.specification.version=11, 
user.country=CN, 
sun.java.launcher=SUN_STANDARD, 
sun.boot.library.path=E:\WorkSpace\env\win\jdk-11.0.15.1\bin, 
sun.java.command=org.tomandersen.Main, 
jdk.debug=release, 
sun.cpu.endian=little, 
user.home=C:\Users\TomAndersen, 
user.language=zh, 
java.specification.vendor=Oracle Corporation, 
java.version.date=2022-04-22, 
java.home=E:\WorkSpace\env\win\jdk-11.0.15.1, 
file.separator=\, 
java.vm.compressedOopsMode=Zero based, 
line.separator=
, 
java.specification.name=Java Platform API Specification, 
java.vm.specification.vendor=Oracle Corporation, 
java.awt.graphicsenv=sun.awt.Win32GraphicsEnvironment, 
user.script=, 
sun.management.compiler=HotSpot 64-Bit Tiered Compilers, 
java.runtime.version=11.0.15.1+2-LTS-10, 
user.name=TomAndersen, 
path.separator=;, 
os.version=10.0, 
java.runtime.name=Java(TM) SE Runtime Environment, 
file.encoding=GBK, 
java.vm.name=Java HotSpot(TM) 64-Bit Server VM, 
java.vendor.version=18.9, 
java.vendor.url.bug=https://bugreport.java.com/bugreport/, 
java.io.tmpdir=C:\Users\TOMAND~1\AppData\Local\Temp\, 
java.version=11.0.15.1, 
user.dir=E:\WorkSpace\projects\IDEAProjects\java-projects\my-first-gradle-project, 
os.arch=amd64, 
java.vm.specification.name=Java Virtual Machine Specification, 
java.awt.printerjob=sun.awt.windows.WPrinterJob, 
sun.os.patch.level=, 
java.library.path=E:\WorkSpace\env\win\jdk-11.0.15.1\bin;C:\WINDOWS\Sun\Java\bin;C:\WINDOWS\system32;C:\WINDOWS;E:\WorkSpace\env\win\Maven\apache-maven-3.6.3\bin;E:\WorkSpace\env\win\proto\bin;E:\Softwares\JetBrains\Toolbox\scripts;E:\WorkSpace\env\win\Gradle\gradle-8.1.1\bin;E:\WorkSpace\env\win\Python39\Scripts\;E:\WorkSpace\env\win\Python39\;E:\WorkSpace\env\win\jdk-11.0.15.1\bin;C:\Program Files\Common Files\Oracle\Java\javapath;E:\Softwares\VMware\VMware Workstation\bin\;C:\Windows\System32;C:\Windows;C:\Windows\System32\wbem;C:\Windows\System32\WindowsPowerShell\v1.0\;C:\Windows\System32\OpenSSH\;C:\Program Files (x86)\NVIDIA Corporation\PhysX\Common;C:\Program Files\NVIDIA Corporation\NVIDIA NvDLISR;C:\Windows\System32;C:\Windows;C:\Windows\System32\wbem;C:\Windows\System32\WindowsPowerShell\v1.0\;C:\Windows\System32\OpenSSH\;E:\Softwares\Xshell 7\;E:\Softwares\Xftp 7\;E:\Softwares\Git\cmd;E:\Softwares\Go\bin;C:\Program Files\dotnet\;E:\Softwares\Process Lasso\;E:\WorkSpace\env\win\nodejs\;C:\Program Files\Git\cmd;C:\Program Files\Docker\Docker\resources\bin;C:\Program Files\SourceGear\Common\DiffMerge\;C:\Users\TomAndersen\AppData\Local\Microsoft\WindowsApps;E:\Softwares\PyCharm 2021.2.3\bin;E:\Softwares\GoLand 2021.2.4\bin;E:\Softwares\IntelliJ IDEA 2021.2.3\bin;E:\WorkSpace\env\win\Go\bin;C:\Users\TomAndersen\apps\gsudo;E:\Softwares\CLion 2021.3.2\bin;E:\Softwares\DataGrip 2021.3.4\bin;E:\Softwares\IntelliJ IDEA 2022.3.2\bin;E:\Games\Tencent\QQGameTempest\Hall.57821\;E:\Softwares\Microsoft VS Code\bin;E:\Softwares\PyCharm 2022.3.2\bin;C:\Users\TomAndersen\AppData\Roaming\npm;E:\Softwares\WebStorm 2023.1\bin;E:\Softwares\Fiddler;C:\Users\TomAndersen\AppData\Local\JetBrains\Toolbox\scripts;C:\Users\TomAndersen\AppData\Local\Microsoft\WindowsApps;., 
java.vendor=Oracle Corporation, 
java.vm.info=mixed mode, 
java.vm.version=11.0.15.1+2-LTS-10, 
sun.io.unicode.encoding=UnicodeLittle, 
java.class.version=55.0


System.getProperty("user.dir") = E:\WorkSpace\projects\IDEAProjects\java-projects\my-first-gradle-project